feature/feature-scanner/build/intermediates/manifest_merge_blame_file/debug/processDebugManifest/manifest-merger-blame-debug-report.txt
1<?xml version="1.0" encoding="utf-8"?>
2<manifest xmlns:android="http://schemas.android.com/apk/res/android"
3    package="com.attri.swissarmy.feature.scanner" >
4
5    <uses-sdk android:minSdkVersion="36" />
6
7    <uses-feature android:name="android.hardware.camera.any" />
7-->src/main/AndroidManifest.xml:3:5-64
7-->src/main/AndroidManifest.xml:3:19-61
8
9    <uses-permission android:name="android.permission.CAMERA" />
9-->src/main/AndroidManifest.xml:4:5-65
9-->src/main/AndroidManifest.xml:4:22-62
10
11</manifest>